2026-01-21 10:15:09,378 - __main__ - INFO - Loading digits dataset...
2026-01-21 10:15:09,386 - __main__ - INFO - Data loaded. Shape: (1797, 64), Classes: 10
2026-01-21 10:15:09,386 - __main__ - INFO - Preprocessing data...
2026-01-21 10:15:09,389 - __main__ - INFO - Data split: Train=1437, Test=360
2026-01-21 10:15:09,390 - __main__ - INFO - Data standardization complete.
2026-01-21 10:15:09,391 - __main__ - INFO - Starting model training...
2026-01-21 10:15:09,391 - __main__ - INFO - Performing Grid Search for hyperparameter tuning...
2026-01-21 10:15:14,208 - __main__ - INFO - Best parameters found: {'C': 100, 'gamma': 0.01, 'kernel': 'rbf'}
2026-01-21 10:15:14,208 - __main__ - INFO - Model training complete.
2026-01-21 10:15:14,208 - __main__ - INFO - Evaluating model...
2026-01-21 10:15:14,217 - __main__ - INFO - Accuracy: 0.9833
2026-01-21 10:15:14,221 - __main__ - INFO - 
Classification Report:
              precision    recall  f1-score   support

           0       1.00      1.00      1.00        36
           1       0.97      0.97      0.97        36
           2       1.00      1.00      1.00        35
           3       1.00      1.00      1.00        37
           4       0.95      0.97      0.96        36
           5       1.00      1.00      1.00        37
           6       0.97      1.00      0.99        36
           7       0.95      1.00      0.97        36
           8       1.00      0.94      0.97        35
           9       1.00      0.94      0.97        36

    accuracy                           0.98       360
   macro avg       0.98      0.98      0.98       360
weighted avg       0.98      0.98      0.98       360

2026-01-21 10:15:14,221 - __main__ - INFO - 
Confusion Matrix:
[[36  0  0  0  0  0  0  0  0  0]
 [ 0 35  0  0  1  0  0  0  0  0]
 [ 0  0 35  0  0  0  0  0  0  0]
 [ 0  0  0 37  0  0  0  0  0  0]
 [ 0  0  0  0 35  0  0  1  0  0]
 [ 0  0  0  0  0 37  0  0  0  0]
 [ 0  0  0  0  0  0 36  0  0  0]
 [ 0  0  0  0  0  0  0 36  0  0]
 [ 0  1  0  0  1  0  0  0 33  0]
 [ 0  0  0  0  0  0  1  1  0 34]]
2026-01-21 10:15:14,221 - __main__ - INFO - Generating visualization...
2026-01-21 10:15:32,418 - __main__ - INFO - Visualization saved to svm_visualization_digits.png
